<?xml version="1.0" encoding="UTF-8"?>
<coverage generated="1757212832519" clover="3.2.0">
  <project timestamp="1757212832519" name="All files">
    <metrics statements="299" coveredstatements="295" conditionals="85" coveredconditionals="78" methods="36" coveredmethods="35" elements="420" coveredelements="408" complexity="0" loc="299" ncloc="299" packages="8" files="21" classes="21"/>
    <package name="app.onPostEmote">
      <metrics statements="65" coveredstatements="64" conditionals="6" coveredconditionals="5" methods="4" coveredmethods="4"/>
      <file name="core.ts" path="/Users/mukaiyuuki/Projects/Wordless/wordless-backend-websocket-api/app/onPostEmote/core.ts">
        <metrics statements="25" coveredstatements="25" conditionals="0" coveredconditionals="0" methods="2" coveredmethods="2"/>
        <line num="1" count="1" type="stmt"/>
        <line num="2" count="1" type="stmt"/>
        <line num="9" count="1" type="stmt"/>
        <line num="10" count="1" type="stmt"/>
        <line num="11" count="1" type="stmt"/>
        <line num="18" count="1" type="stmt"/>
        <line num="19" count="1" type="stmt"/>
        <line num="21" count="1" type="stmt"/>
        <line num="23" count="13" type="stmt"/>
        <line num="25" count="13" type="stmt"/>
        <line num="27" count="13" type="stmt"/>
        <line num="28" count="13" type="stmt"/>
        <line num="29" count="13" type="stmt"/>
        <line num="33" count="13" type="stmt"/>
        <line num="35" count="13" type="stmt"/>
        <line num="48" count="12" type="stmt"/>
        <line num="55" count="1" type="stmt"/>
        <line num="57" count="13" type="stmt"/>
        <line num="60" count="12" type="stmt"/>
        <line num="61" count="12" type="stmt"/>
        <line num="70" count="2" type="stmt"/>
        <line num="73" count="10" type="stmt"/>
        <line num="74" count="10" type="stmt"/>
        <line num="83" count="1" type="stmt"/>
        <line num="86" count="9" type="stmt"/>
      </file>
      <file name="entry.ts" path="/Users/mukaiyuuki/Projects/Wordless/wordless-backend-websocket-api/app/onPostEmote/entry.ts">
        <metrics statements="40" coveredstatements="39" conditionals="6" coveredconditionals="5" methods="2" coveredmethods="2"/>
        <line num="1" count="1" type="stmt"/>
        <line num="2" count="1" type="stmt"/>
        <line num="9" count="1" type="stmt"/>
        <line num="11" count="1" type="stmt"/>
        <line num="19" count="1" type="stmt"/>
        <line num="21" count="1" type="stmt"/>
        <line num="33" count="1" type="stmt"/>
        <line num="35" count="30" type="stmt"/>
        <line num="36" count="30" type="cond" truecount="1" falsecount="0"/>
        <line num="44" count="10" type="stmt"/>
        <line num="47" count="20" type="stmt"/>
        <line num="55" count="20" type="stmt"/>
        <line num="57" count="20" type="stmt"/>
        <line num="58" count="20" type="stmt"/>
        <line num="64" count="74" type="cond" truecount="2" falsecount="0"/>
        <line num="65" count="42" type="stmt"/>
        <line num="68" count="32" type="cond" truecount="0" falsecount="1"/>
        <line num="69" count="0" type="stmt"/>
        <line num="72" count="32" type="cond" truecount="1" falsecount="0"/>
        <line num="73" count="4" type="stmt"/>
        <line num="78" count="16" type="stmt"/>
        <line num="79" count="16" type="cond" truecount="1" falsecount="0"/>
        <line num="80" count="3" type="stmt"/>
        <line num="85" count="13" type="stmt"/>
        <line num="87" count="13" type="stmt"/>
        <line num="88" count="13" type="stmt"/>
        <line num="94" count="3" type="stmt"/>
        <line num="97" count="10" type="stmt"/>
        <line num="100" count="10" type="stmt"/>
        <line num="113" count="10" type="stmt"/>
        <line num="114" count="10" type="stmt"/>
        <line num="115" count="9" type="stmt"/>
        <line num="118" count="1" type="stmt"/>
        <line num="122" count="9" type="stmt"/>
        <line num="123" count="9" type="stmt"/>
        <line num="129" count="2" type="stmt"/>
        <line num="132" count="7" type="stmt"/>
        <line num="133" count="7" type="stmt"/>
        <line num="146" count="1" type="stmt"/>
        <line num="149" count="6" type="stmt"/>
      </file>
    </package>
    <package name="app.onReact">
      <metrics statements="72" coveredstatements="72" conditionals="19" coveredconditionals="16" methods="11" coveredmethods="11"/>
      <file name="handler.ts" path="/Users/mukaiyuuki/Projects/Wordless/wordless-backend-websocket-api/app/onReact/handler.ts">
        <metrics statements="72" coveredstatements="72" conditionals="19" coveredconditionals="16" methods="11" coveredmethods="11"/>
        <line num="1" count="1" type="stmt"/>
        <line num="9" count="1" type="stmt"/>
        <line num="19" count="1" type="stmt"/>
        <line num="30" count="1" type="stmt"/>
        <line num="32" count="35" type="stmt"/>
        <line num="33" count="35" type="cond" truecount="1" falsecount="0"/>
        <line num="43" count="9" type="stmt"/>
        <line num="46" count="26" type="stmt"/>
        <line num="47" count="26" type="cond" truecount="1" falsecount="0"/>
        <line num="48" count="1" type="stmt"/>
        <line num="51" count="25" type="stmt"/>
        <line num="52" count="25" type="cond" truecount="1" falsecount="0"/>
        <line num="53" count="3" type="stmt"/>
        <line num="58" count="22" type="stmt"/>
        <line num="60" count="22" type="stmt"/>
        <line num="62" count="22" type="stmt"/>
        <line num="63" count="22" type="stmt"/>
        <line num="69" count="3" type="stmt"/>
        <line num="73" count="19" type="stmt"/>
        <line num="74" count="19" type="stmt"/>
        <line num="83" count="2" type="stmt"/>
        <line num="86" count="17" type="stmt"/>
        <line num="88" count="17" type="stmt"/>
        <line num="89" count="17" type="cond" truecount="2" falsecount="0"/>
        <line num="90" count="11" type="stmt"/>
        <line num="95" count="6" type="cond" truecount="1" falsecount="0"/>
        <line num="96" count="6" type="stmt"/>
        <line num="103" count="4" type="stmt"/>
        <line num="106" count="13" type="stmt"/>
        <line num="107" count="15" type="cond" truecount="2" falsecount="2"/>
        <line num="110" count="13" type="stmt"/>
        <line num="111" count="28" type="cond" truecount="1" falsecount="1"/>
        <line num="115" count="13" type="stmt"/>
        <line num="116" count="13" type="stmt"/>
        <line num="125" count="1" type="stmt"/>
        <line num="129" count="12" type="stmt"/>
        <line num="130" count="12" type="stmt"/>
        <line num="136" count="2" type="stmt"/>
        <line num="139" count="10" type="stmt"/>
        <line num="140" count="10" type="stmt"/>
        <line num="157" count="1" type="stmt"/>
        <line num="160" count="9" type="stmt"/>
        <line num="172" count="11" type="stmt"/>
        <line num="173" count="13" type="stmt"/>
        <line num="177" count="11" type="cond" truecount="1" falsecount="0"/>
        <line num="178" count="2" type="stmt"/>
        <line num="183" count="2" type="stmt"/>
        <line num="187" count="9" type="cond" truecount="1" falsecount="0"/>
        <line num="188" count="1" type="stmt"/>
        <line num="189" count="1" type="stmt"/>
        <line num="199" count="8" type="stmt"/>
        <line num="200" count="16" type="cond" truecount="1" falsecount="0"/>
        <line num="201" count="8" type="stmt"/>
        <line num="202" count="8" type="stmt"/>
        <line num="206" count="8" type="stmt"/>
        <line num="214" count="6" type="stmt"/>
        <line num="215" count="7" type="stmt"/>
        <line num="219" count="6" type="cond" truecount="1" falsecount="0"/>
        <line num="220" count="1" type="stmt"/>
        <line num="221" count="1" type="stmt"/>
        <line num="231" count="5" type="cond" truecount="1" falsecount="0"/>
        <line num="232" count="1" type="stmt"/>
        <line num="233" count="1" type="stmt"/>
        <line num="243" count="4" type="cond" truecount="1" falsecount="0"/>
        <line num="244" count="1" type="stmt"/>
        <line num="245" count="1" type="stmt"/>
        <line num="255" count="3" type="stmt"/>
        <line num="256" count="6" type="cond" truecount="1" falsecount="0"/>
        <line num="257" count="3" type="stmt"/>
        <line num="258" count="3" type="stmt"/>
        <line num="259" count="6" type="stmt"/>
        <line num="264" count="3" type="stmt"/>
      </file>
    </package>
    <package name="app.onconnect">
      <metrics statements="18" coveredstatements="18" conditionals="20" coveredconditionals="20" methods="2" coveredmethods="2"/>
      <file name="handler.ts" path="/Users/mukaiyuuki/Projects/Wordless/wordless-backend-websocket-api/app/onconnect/handler.ts">
        <metrics statements="18" coveredstatements="18" conditionals="20" coveredconditionals="20" methods="2" coveredmethods="2"/>
        <line num="1" count="1" type="stmt"/>
        <line num="2" count="1" type="stmt"/>
        <line num="3" count="1" type="stmt"/>
        <line num="5" count="1" type="stmt"/>
        <line num="7" count="1" type="stmt"/>
        <line num="9" count="1" type="stmt"/>
        <line num="11" count="10" type="stmt"/>
        <line num="12" count="10" type="cond" truecount="1" falsecount="0"/>
        <line num="16" count="5" type="stmt"/>
        <line num="19" count="5" type="stmt"/>
        <line num="21" count="5" type="stmt"/>
        <line num="22" count="5" type="cond" truecount="1" falsecount="0"/>
        <line num="23" count="3" type="stmt"/>
        <line num="28" count="2" type="stmt"/>
        <line num="30" count="2" type="stmt"/>
        <line num="31" count="2" type="stmt"/>
        <line num="41" count="1" type="stmt"/>
        <line num="44" count="1" type="stmt"/>
      </file>
    </package>
    <package name="app.ondisconnect">
      <metrics statements="11" coveredstatements="11" conditionals="4" coveredconditionals="4" methods="2" coveredmethods="2"/>
      <file name="handler.ts" path="/Users/mukaiyuuki/Projects/Wordless/wordless-backend-websocket-api/app/ondisconnect/handler.ts">
        <metrics statements="11" coveredstatements="11" conditionals="4" coveredconditionals="4" methods="2" coveredmethods="2"/>
        <line num="1" count="1" type="stmt"/>
        <line num="3" count="1" type="stmt"/>
        <line num="11" count="1" type="stmt"/>
        <line num="13" count="8" type="stmt"/>
        <line num="14" count="8" type="cond" truecount="1" falsecount="0"/>
        <line num="19" count="3" type="stmt"/>
        <line num="21" count="5" type="stmt"/>
        <line num="23" count="5" type="stmt"/>
        <line num="24" count="5" type="stmt"/>
        <line num="31" count="2" type="stmt"/>
        <line num="35" count="3" type="stmt"/>
      </file>
    </package>
    <package name="classes">
      <metrics statements="11" coveredstatements="11" conditionals="0" coveredconditionals="0" methods="1" coveredmethods="1"/>
      <file name="Emote.ts" path="/Users/mukaiyuuki/Projects/Wordless/wordless-backend-websocket-api/classes/Emote.ts">
        <metrics statements="11" coveredstatements="11" conditionals="0" coveredconditionals="0" methods="1" coveredmethods="1"/>
        <line num="3" count="2" type="stmt"/>
        <line num="30" count="40" type="stmt"/>
        <line num="31" count="40" type="stmt"/>
        <line num="32" count="40" type="stmt"/>
        <line num="33" count="40" type="stmt"/>
        <line num="34" count="40" type="stmt"/>
        <line num="35" count="40" type="stmt"/>
        <line num="36" count="40" type="stmt"/>
        <line num="37" count="40" type="stmt"/>
        <line num="38" count="40" type="stmt"/>
        <line num="39" count="40" type="stmt"/>
      </file>
    </package>
    <package name="static">
      <metrics statements="1" coveredstatements="1" conditionals="0" coveredconditionals="0" methods="0" coveredmethods="0"/>
      <file name="emojiIds.ts" path="/Users/mukaiyuuki/Projects/Wordless/wordless-backend-websocket-api/static/emojiIds.ts">
        <metrics statements="1" coveredstatements="1" conditionals="0" coveredconditionals="0" methods="0" coveredmethods="0"/>
        <line num="1" count="2" type="stmt"/>
      </file>
    </package>
    <package name="test.testUtils">
      <metrics statements="4" coveredstatements="4" conditionals="0" coveredconditionals="0" methods="1" coveredmethods="1"/>
      <file name="index.ts" path="/Users/mukaiyuuki/Projects/Wordless/wordless-backend-websocket-api/test/testUtils/index.ts">
        <metrics statements="1" coveredstatements="1" conditionals="0" coveredconditionals="0" methods="0" coveredmethods="0"/>
        <line num="1" count="5" type="stmt"/>
      </file>
      <file name="verifyErrorResponse.ts" path="/Users/mukaiyuuki/Projects/Wordless/wordless-backend-websocket-api/test/testUtils/verifyErrorResponse.ts">
        <metrics statements="3" coveredstatements="3" conditionals="0" coveredconditionals="0" methods="1" coveredmethods="1"/>
        <line num="3" count="5" type="stmt"/>
        <line num="8" count="69" type="stmt"/>
        <line num="9" count="69" type="stmt"/>
      </file>
    </package>
    <package name="utility">
      <metrics statements="117" coveredstatements="114" conditionals="36" coveredconditionals="33" methods="15" coveredmethods="14"/>
      <file name="broadcastToAllConnections.ts" path="/Users/mukaiyuuki/Projects/Wordless/wordless-backend-websocket-api/utility/broadcastToAllConnections.ts">
        <metrics statements="17" coveredstatements="16" conditionals="5" coveredconditionals="4" methods="3" coveredmethods="3"/>
        <line num="1" count="5" type="stmt"/>
        <line num="5" count="5" type="stmt"/>
        <line num="7" count="5" type="stmt"/>
        <line num="9" count="5" type="stmt"/>
        <line num="13" count="5" type="stmt"/>
        <line num="19" count="17" type="stmt"/>
        <line num="20" count="17" type="stmt"/>
        <line num="21" count="17" type="stmt"/>
        <line num="23" count="17" type="stmt"/>
        <line num="24" count="17" type="stmt"/>
        <line num="31" count="2" type="cond" truecount="1" falsecount="1"/>
        <line num="32" count="0" type="stmt"/>
        <line num="38" count="2" type="stmt"/>
        <line num="39" count="2" type="stmt"/>
        <line num="46" count="17" type="stmt"/>
        <line num="47" count="17" type="cond" truecount="1" falsecount="0"/>
        <line num="51" count="2" type="stmt"/>
      </file>
      <file name="createErrorResponse.ts" path="/Users/mukaiyuuki/Projects/Wordless/wordless-backend-websocket-api/utility/createErrorResponse.ts">
        <metrics statements="3" coveredstatements="3" conditionals="0" coveredconditionals="0" methods="1" coveredmethods="1"/>
        <line num="3" count="5" type="stmt"/>
        <line num="7" count="34" type="stmt"/>
        <line num="8" count="34" type="stmt"/>
      </file>
      <file name="deleteItemFromDynamoDB.ts" path="/Users/mukaiyuuki/Projects/Wordless/wordless-backend-websocket-api/utility/deleteItemFromDynamoDB.ts">
        <metrics statements="8" coveredstatements="8" conditionals="0" coveredconditionals="0" methods="1" coveredmethods="1"/>
        <line num="1" count="5" type="stmt"/>
        <line num="3" count="5" type="stmt"/>
        <line num="5" count="5" type="stmt"/>
        <line num="7" count="5" type="stmt"/>
        <line num="12" count="5" type="stmt"/>
        <line num="13" count="5" type="stmt"/>
        <line num="20" count="3" type="stmt"/>
        <line num="21" count="3" type="stmt"/>
      </file>
      <file name="getDynamoDBClient.ts" path="/Users/mukaiyuuki/Projects/Wordless/wordless-backend-websocket-api/utility/getDynamoDBClient.ts">
        <metrics statements="7" coveredstatements="7" conditionals="1" coveredconditionals="1" methods="1" coveredmethods="1"/>
        <line num="1" count="5" type="stmt"/>
        <line num="2" count="5" type="stmt"/>
        <line num="4" count="5" type="stmt"/>
        <line num="5" count="20" type="stmt"/>
        <line num="10" count="20" type="cond" truecount="1" falsecount="0"/>
        <line num="11" count="20" type="stmt"/>
        <line num="15" count="20" type="stmt"/>
      </file>
      <file name="getItemFromDynamoDB.ts" path="/Users/mukaiyuuki/Projects/Wordless/wordless-backend-websocket-api/utility/getItemFromDynamoDB.ts">
        <metrics statements="14" coveredstatements="14" conditionals="5" coveredconditionals="5" methods="1" coveredmethods="1"/>
        <line num="1" count="5" type="stmt"/>
        <line num="2" count="5" type="stmt"/>
        <line num="5" count="5" type="stmt"/>
        <line num="7" count="5" type="stmt"/>
        <line num="13" count="66" type="stmt"/>
        <line num="14" count="66" type="stmt"/>
        <line num="20" count="62" type="cond" truecount="2" falsecount="0"/>
        <line num="21" count="58" type="stmt"/>
        <line num="23" count="4" type="stmt"/>
        <line num="26" count="8" type="cond" truecount="3" falsecount="0"/>
        <line num="27" count="4" type="stmt"/>
        <line num="28" count="4" type="stmt"/>
        <line num="38" count="4" type="stmt"/>
        <line num="39" count="4" type="stmt"/>
      </file>
      <file name="getRDSDBClient.ts" path="/Users/mukaiyuuki/Projects/Wordless/wordless-backend-websocket-api/utility/getRDSDBClient.ts">
        <metrics statements="4" coveredstatements="2" conditionals="0" coveredconditionals="0" methods="1" coveredmethods="0"/>
        <line num="1" count="5" type="stmt"/>
        <line num="4" count="5" type="stmt"/>
        <line num="5" count="0" type="stmt"/>
        <line num="14" count="0" type="stmt"/>
      </file>
      <file name="index.ts" path="/Users/mukaiyuuki/Projects/Wordless/wordless-backend-websocket-api/utility/index.ts">
        <metrics statements="12" coveredstatements="12" conditionals="0" coveredconditionals="0" methods="0" coveredmethods="0"/>
        <line num="1" count="5" type="stmt"/>
        <line num="2" count="5" type="stmt"/>
        <line num="3" count="5" type="stmt"/>
        <line num="4" count="5" type="stmt"/>
        <line num="5" count="5" type="stmt"/>
        <line num="6" count="5" type="stmt"/>
        <line num="7" count="5" type="stmt"/>
        <line num="8" count="5" type="stmt"/>
        <line num="9" count="5" type="stmt"/>
        <line num="10" count="5" type="stmt"/>
        <line num="11" count="5" type="stmt"/>
        <line num="12" count="5" type="stmt"/>
      </file>
      <file name="isInvalidRequest.ts" path="/Users/mukaiyuuki/Projects/Wordless/wordless-backend-websocket-api/utility/isInvalidRequest.ts">
        <metrics statements="5" coveredstatements="5" conditionals="18" coveredconditionals="16" methods="3" coveredmethods="3"/>
        <line num="3" count="5" type="stmt"/>
        <line num="7" count="65" type="cond" truecount="2" falsecount="0"/>
        <line num="8" count="65" type="stmt"/>
        <line num="18" count="59" type="cond" truecount="0" falsecount="1"/>
        <line num="19" count="257" type="stmt"/>
      </file>
      <file name="putToDynamoDB.ts" path="/Users/mukaiyuuki/Projects/Wordless/wordless-backend-websocket-api/utility/putToDynamoDB.ts">
        <metrics statements="8" coveredstatements="8" conditionals="0" coveredconditionals="0" methods="1" coveredmethods="1"/>
        <line num="1" count="5" type="stmt"/>
        <line num="3" count="5" type="stmt"/>
        <line num="5" count="5" type="stmt"/>
        <line num="7" count="5" type="stmt"/>
        <line num="12" count="25" type="stmt"/>
        <line num="13" count="25" type="stmt"/>
        <line num="20" count="3" type="stmt"/>
        <line num="21" count="3" type="stmt"/>
      </file>
      <file name="scanItemsFromDynamoDB.ts" path="/Users/mukaiyuuki/Projects/Wordless/wordless-backend-websocket-api/utility/scanItemsFromDynamoDB.ts">
        <metrics statements="14" coveredstatements="14" conditionals="5" coveredconditionals="5" methods="1" coveredmethods="1"/>
        <line num="1" count="5" type="stmt"/>
        <line num="3" count="5" type="stmt"/>
        <line num="5" count="5" type="stmt"/>
        <line num="7" count="5" type="stmt"/>
        <line num="12" count="21" type="stmt"/>
        <line num="13" count="21" type="stmt"/>
        <line num="18" count="19" type="cond" truecount="2" falsecount="0"/>
        <line num="19" count="17" type="stmt"/>
        <line num="21" count="2" type="stmt"/>
        <line num="24" count="4" type="cond" truecount="3" falsecount="0"/>
        <line num="25" count="2" type="stmt"/>
        <line num="26" count="2" type="stmt"/>
        <line num="36" count="2" type="stmt"/>
        <line num="37" count="2" type="stmt"/>
      </file>
      <file name="verifyToken.ts" path="/Users/mukaiyuuki/Projects/Wordless/wordless-backend-websocket-api/utility/verifyToken.ts">
        <metrics statements="17" coveredstatements="17" conditionals="1" coveredconditionals="1" methods="1" coveredmethods="1"/>
        <line num="1" count="5" type="stmt"/>
        <line num="2" count="5" type="stmt"/>
        <line num="4" count="5" type="stmt"/>
        <line num="19" count="46" type="stmt"/>
        <line num="20" count="46" type="stmt"/>
        <line num="22" count="3" type="stmt"/>
        <line num="23" count="3" type="stmt"/>
        <line num="33" count="43" type="stmt"/>
        <line num="34" count="43" type="stmt"/>
        <line num="35" count="40" type="stmt"/>
        <line num="37" count="3" type="stmt"/>
        <line num="38" count="3" type="stmt"/>
        <line num="46" count="40" type="stmt"/>
        <line num="47" count="40" type="cond" truecount="1" falsecount="0"/>
        <line num="48" count="3" type="stmt"/>
        <line num="49" count="3" type="stmt"/>
        <line num="57" count="37" type="stmt"/>
      </file>
      <file name="verifyUserConnection.ts" path="/Users/mukaiyuuki/Projects/Wordless/wordless-backend-websocket-api/utility/verifyUserConnection.ts">
        <metrics statements="8" coveredstatements="8" conditionals="1" coveredconditionals="1" methods="1" coveredmethods="1"/>
        <line num="1" count="5" type="stmt"/>
        <line num="3" count="5" type="stmt"/>
        <line num="5" count="5" type="stmt"/>
        <line num="11" count="35" type="stmt"/>
        <line num="12" count="35" type="stmt"/>
        <line num="21" count="4" type="stmt"/>
        <line num="24" count="31" type="cond" truecount="1" falsecount="0"/>
        <line num="25" count="2" type="stmt"/>
      </file>
    </package>
  </project>
</coverage>
