{"/Users/mukaiyuuki/Projects/Wordless/wordless-backend-websocket-api/app/onPostEmote/core.ts": {"path":"/Users/mukaiyuuki/Projects/Wordless/wordless-backend-websocket-api/app/onPostEmote/core.ts","statementMap":{"0":{"start":{"line":1,"column":0},"end":{"line":1,"column":26}},"1":{"start":{"line":2,"column":0},"end":{"line":2,"column":39}},"2":{"start":{"line":9,"column":0},"end":{"line":9,"column":40}},"3":{"start":{"line":10,"column":0},"end":{"line":10,"column":37}},"4":{"start":{"line":11,"column":0},"end":{"line":11,"column":null}},"5":{"start":{"line":18,"column":0},"end":{"line":18,"column":19}},"6":{"start":{"line":19,"column":20},"end":{"line":19,"column":36}},"7":{"start":{"line":21,"column":31},"end":{"line":116,"column":2}},"8":{"start":{"line":23,"column":56},"end":{"line":116,"column":2}},"9":{"start":{"line":25,"column":8},"end":{"line":25,"column":15}},"10":{"start":{"line":27,"column":20},"end":{"line":27,"column":44}},"11":{"start":{"line":28,"column":28},"end":{"line":28,"column":52}},"12":{"start":{"line":29,"column":26},"end":{"line":29,"column":63}},"13":{"start":{"line":33,"column":4},"end":{"line":58,"column":5}},"14":{"start":{"line":35,"column":8},"end":{"line":47,"column":10}},"15":{"start":{"line":48,"column":8},"end":{"line":53,"column":13}},"16":{"start":{"line":55,"column":8},"end":{"line":55,"column":50}},"17":{"start":{"line":57,"column":8},"end":{"line":57,"column":32}},"18":{"start":{"line":60,"column":4},"end":{"line":71,"column":5}},"19":{"start":{"line":61,"column":8},"end":{"line":68,"column":19}},"20":{"start":{"line":70,"column":8},"end":{"line":70,"column":41}},"21":{"start":{"line":73,"column":4},"end":{"line":84,"column":5}},"22":{"start":{"line":74,"column":8},"end":{"line":81,"column":10}},"23":{"start":{"line":83,"column":8},"end":{"line":83,"column":41}},"24":{"start":{"line":86,"column":4},"end":{"line":115,"column":6}},"25":{"start":{"line":21,"column":13},"end":{"line":21,"column":31}}},"fnMap":{"0":{"name":"(anonymous_8)","decl":{"start":{"line":21,"column":31},"end":{"line":21,"column":null}},"loc":{"start":{"line":23,"column":56},"end":{"line":116,"column":2}}},"1":{"name":"(anonymous_9)","decl":{"start":{"line":23,"column":56},"end":{"line":23,"column":null}},"loc":{"start":{"line":23,"column":56},"end":{"line":116,"column":1}}}},"branchMap":{},"s":{"0":1,"1":1,"2":1,"3":1,"4":1,"5":1,"6":1,"7":1,"8":13,"9":13,"10":13,"11":13,"12":13,"13":13,"14":13,"15":12,"16":1,"17":13,"18":12,"19":12,"20":2,"21":10,"22":10,"23":1,"24":9,"25":1},"f":{"0":13,"1":13},"b":{}}
,"/Users/mukaiyuuki/Projects/Wordless/wordless-backend-websocket-api/app/onPostEmote/entry.ts": {"path":"/Users/mukaiyuuki/Projects/Wordless/wordless-backend-websocket-api/app/onPostEmote/entry.ts","statementMap":{"0":{"start":{"line":1,"column":0},"end":{"line":1,"column":69}},"1":{"start":{"line":2,"column":0},"end":{"line":2,"column":26}},"2":{"start":{"line":9,"column":0},"end":{"line":9,"column":37}},"3":{"start":{"line":11,"column":0},"end":{"line":11,"column":null}},"4":{"start":{"line":19,"column":0},"end":{"line":19,"column":45}},"5":{"start":{"line":21,"column":0},"end":{"line":21,"column":19}},"6":{"start":{"line":33,"column":32},"end":{"line":152,"column":2}},"7":{"start":{"line":35,"column":37},"end":{"line":152,"column":2}},"8":{"start":{"line":36,"column":4},"end":{"line":45,"column":5}},"9":{"start":{"line":44,"column":8},"end":{"line":44,"column":50}},"10":{"start":{"line":47,"column":44},"end":{"line":47,"column":66}},"11":{"start":{"line":55,"column":8},"end":{"line":55,"column":17}},"12":{"start":{"line":57,"column":21},"end":{"line":57,"column":26}},"13":{"start":{"line":58,"column":4},"end":{"line":76,"column":5}},"14":{"start":{"line":64,"column":8},"end":{"line":75,"column":9}},"15":{"start":{"line":65,"column":12},"end":{"line":65,"column":30}},"16":{"start":{"line":68,"column":12},"end":{"line":70,"column":13}},"17":{"start":{"line":69,"column":16},"end":{"line":69,"column":58}},"18":{"start":{"line":72,"column":12},"end":{"line":74,"column":13}},"19":{"start":{"line":73,"column":16},"end":{"line":73,"column":58}},"20":{"start":{"line":78,"column":19},"end":{"line":78,"column":51}},"21":{"start":{"line":79,"column":4},"end":{"line":81,"column":5}},"22":{"start":{"line":80,"column":8},"end":{"line":80,"column":22}},"23":{"start":{"line":85,"column":8},"end":{"line":85,"column":13}},"24":{"start":{"line":87,"column":4},"end":{"line":95,"column":5}},"25":{"start":{"line":88,"column":8},"end":{"line":92,"column":11}},"26":{"start":{"line":94,"column":8},"end":{"line":94,"column":41}},"27":{"start":{"line":97,"column":25},"end":{"line":99,"column":6}},"28":{"start":{"line":100,"column":26},"end":{"line":110,"column":6}},"29":{"start":{"line":113,"column":4},"end":{"line":119,"column":5}},"30":{"start":{"line":114,"column":24},"end":{"line":114,"column":72}},"31":{"start":{"line":115,"column":8},"end":{"line":116,"column":28}},"32":{"start":{"line":118,"column":8},"end":{"line":118,"column":50}},"33":{"start":{"line":122,"column":4},"end":{"line":130,"column":5}},"34":{"start":{"line":123,"column":8},"end":{"line":127,"column":43}},"35":{"start":{"line":129,"column":8},"end":{"line":129,"column":41}},"36":{"start":{"line":132,"column":4},"end":{"line":147,"column":5}},"37":{"start":{"line":133,"column":8},"end":{"line":144,"column":10}},"38":{"start":{"line":146,"column":8},"end":{"line":146,"column":41}},"39":{"start":{"line":149,"column":4},"end":{"line":151,"column":6}},"40":{"start":{"line":33,"column":13},"end":{"line":33,"column":32}}},"fnMap":{"0":{"name":"(anonymous_8)","decl":{"start":{"line":33,"column":32},"end":{"line":33,"column":null}},"loc":{"start":{"line":35,"column":37},"end":{"line":152,"column":2}}},"1":{"name":"(anonymous_9)","decl":{"start":{"line":35,"column":37},"end":{"line":35,"column":null}},"loc":{"start":{"line":35,"column":37},"end":{"line":152,"column":1}}}},"branchMap":{"0":{"loc":{"start":{"line":36,"column":4},"end":{"line":45,"column":5}},"type":"if","locations":[{"start":{"line":36,"column":4},"end":{"line":45,"column":5}}]},"1":{"loc":{"start":{"line":64,"column":8},"end":{"line":75,"column":9}},"type":"if","locations":[{"start":{"line":64,"column":8},"end":{"line":75,"column":9}},{"start":{"line":66,"column":15},"end":{"line":75,"column":9}}]},"2":{"loc":{"start":{"line":68,"column":12},"end":{"line":70,"column":13}},"type":"if","locations":[{"start":{"line":68,"column":12},"end":{"line":70,"column":13}}]},"3":{"loc":{"start":{"line":72,"column":12},"end":{"line":74,"column":13}},"type":"if","locations":[{"start":{"line":72,"column":12},"end":{"line":74,"column":13}}]},"4":{"loc":{"start":{"line":79,"column":4},"end":{"line":81,"column":5}},"type":"if","locations":[{"start":{"line":79,"column":4},"end":{"line":81,"column":5}}]}},"s":{"0":1,"1":1,"2":1,"3":1,"4":1,"5":1,"6":1,"7":30,"8":30,"9":10,"10":20,"11":20,"12":20,"13":20,"14":74,"15":42,"16":32,"17":0,"18":32,"19":4,"20":16,"21":16,"22":3,"23":13,"24":13,"25":13,"26":3,"27":10,"28":10,"29":10,"30":10,"31":9,"32":1,"33":9,"34":9,"35":2,"36":7,"37":7,"38":1,"39":6,"40":1},"f":{"0":30,"1":30},"b":{"0":[10],"1":[42,32],"2":[0],"3":[4],"4":[3]}}
,"/Users/mukaiyuuki/Projects/Wordless/wordless-backend-websocket-api/app/onReact/handler.ts": {"path":"/Users/mukaiyuuki/Projects/Wordless/wordless-backend-websocket-api/app/onReact/handler.ts","statementMap":{"0":{"start":{"line":1,"column":0},"end":{"line":1,"column":37}},"1":{"start":{"line":9,"column":0},"end":{"line":9,"column":null}},"2":{"start":{"line":19,"column":0},"end":{"line":19,"column":45}},"3":{"start":{"line":30,"column":23},"end":{"line":163,"column":2}},"4":{"start":{"line":32,"column":37},"end":{"line":163,"column":2}},"5":{"start":{"line":33,"column":4},"end":{"line":44,"column":5}},"6":{"start":{"line":43,"column":8},"end":{"line":43,"column":50}},"7":{"start":{"line":46,"column":40},"end":{"line":46,"column":62}},"8":{"start":{"line":47,"column":4},"end":{"line":49,"column":5}},"9":{"start":{"line":48,"column":8},"end":{"line":48,"column":50}},"10":{"start":{"line":51,"column":19},"end":{"line":51,"column":61}},"11":{"start":{"line":52,"column":4},"end":{"line":54,"column":5}},"12":{"start":{"line":53,"column":8},"end":{"line":53,"column":22}},"13":{"start":{"line":58,"column":8},"end":{"line":58,"column":13}},"14":{"start":{"line":60,"column":8},"end":{"line":60,"column":17}},"15":{"start":{"line":62,"column":4},"end":{"line":70,"column":5}},"16":{"start":{"line":63,"column":8},"end":{"line":67,"column":11}},"17":{"start":{"line":69,"column":8},"end":{"line":69,"column":41}},"18":{"start":{"line":73,"column":4},"end":{"line":84,"column":5}},"19":{"start":{"line":74,"column":8},"end":{"line":81,"column":35}},"20":{"start":{"line":83,"column":8},"end":{"line":83,"column":41}},"21":{"start":{"line":86,"column":30},"end":{"line":86,"column":63}},"22":{"start":{"line":88,"column":4},"end":{"line":104,"column":5}},"23":{"start":{"line":89,"column":8},"end":{"line":101,"column":9}},"24":{"start":{"line":90,"column":12},"end":{"line":94,"column":34}},"25":{"start":{"line":95,"column":15},"end":{"line":101,"column":9}},"26":{"start":{"line":96,"column":12},"end":{"line":100,"column":34}},"27":{"start":{"line":103,"column":8},"end":{"line":103,"column":41}},"28":{"start":{"line":106,"column":4},"end":{"line":108,"column":6}},"29":{"start":{"line":107,"column":18},"end":{"line":107,"column":73}},"30":{"start":{"line":110,"column":35},"end":{"line":112,"column":null}},"31":{"start":{"line":111,"column":24},"end":{"line":111,"column":60}},"32":{"start":{"line":115,"column":4},"end":{"line":126,"column":5}},"33":{"start":{"line":116,"column":8},"end":{"line":123,"column":10}},"34":{"start":{"line":125,"column":8},"end":{"line":125,"column":41}},"35":{"start":{"line":129,"column":4},"end":{"line":137,"column":5}},"36":{"start":{"line":130,"column":8},"end":{"line":134,"column":43}},"37":{"start":{"line":136,"column":8},"end":{"line":136,"column":41}},"38":{"start":{"line":139,"column":4},"end":{"line":158,"column":5}},"39":{"start":{"line":140,"column":8},"end":{"line":155,"column":10}},"40":{"start":{"line":157,"column":8},"end":{"line":157,"column":41}},"41":{"start":{"line":160,"column":4},"end":{"line":162,"column":6}},"42":{"start":{"line":30,"column":13},"end":{"line":30,"column":23}},"43":{"start":{"line":172,"column":18},"end":{"line":173,"column":null}},"44":{"start":{"line":173,"column":19},"end":{"line":173,"column":51}},"45":{"start":{"line":177,"column":4},"end":{"line":184,"column":5}},"46":{"start":{"line":178,"column":8},"end":{"line":182,"column":11}},"47":{"start":{"line":183,"column":8},"end":{"line":183,"column":39}},"48":{"start":{"line":187,"column":4},"end":{"line":197,"column":5}},"49":{"start":{"line":188,"column":8},"end":{"line":188,"column":32}},"50":{"start":{"line":189,"column":8},"end":{"line":196,"column":10}},"51":{"start":{"line":199,"column":4},"end":{"line":204,"column":7}},"52":{"start":{"line":200,"column":8},"end":{"line":203,"column":9}},"53":{"start":{"line":201,"column":12},"end":{"line":201,"column":41}},"54":{"start":{"line":202,"column":12},"end":{"line":202,"column":53}},"55":{"start":{"line":206,"column":4},"end":{"line":206,"column":35}},"56":{"start":{"line":214,"column":18},"end":{"line":215,"column":null}},"57":{"start":{"line":215,"column":19},"end":{"line":215,"column":51}},"58":{"start":{"line":219,"column":4},"end":{"line":229,"column":5}},"59":{"start":{"line":220,"column":8},"end":{"line":220,"column":32}},"60":{"start":{"line":221,"column":8},"end":{"line":228,"column":10}},"61":{"start":{"line":231,"column":4},"end":{"line":241,"column":5}},"62":{"start":{"line":232,"column":8},"end":{"line":232,"column":32}},"63":{"start":{"line":233,"column":8},"end":{"line":240,"column":10}},"64":{"start":{"line":243,"column":4},"end":{"line":253,"column":5}},"65":{"start":{"line":244,"column":8},"end":{"line":244,"column":32}},"66":{"start":{"line":245,"column":8},"end":{"line":252,"column":10}},"67":{"start":{"line":255,"column":4},"end":{"line":262,"column":7}},"68":{"start":{"line":256,"column":8},"end":{"line":261,"column":9}},"69":{"start":{"line":257,"column":12},"end":{"line":257,"column":41}},"70":{"start":{"line":258,"column":12},"end":{"line":260,"column":14}},"71":{"start":{"line":259,"column":28},"end":{"line":259,"column":52}},"72":{"start":{"line":264,"column":4},"end":{"line":264,"column":35}}},"fnMap":{"0":{"name":"(anonymous_7)","decl":{"start":{"line":30,"column":23},"end":{"line":30,"column":null}},"loc":{"start":{"line":32,"column":37},"end":{"line":163,"column":2}}},"1":{"name":"(anonymous_8)","decl":{"start":{"line":32,"column":37},"end":{"line":32,"column":null}},"loc":{"start":{"line":32,"column":37},"end":{"line":163,"column":1}}},"2":{"name":"(anonymous_9)","decl":{"start":{"line":107,"column":8},"end":{"line":107,"column":9}},"loc":{"start":{"line":107,"column":18},"end":{"line":107,"column":73}}},"3":{"name":"(anonymous_10)","decl":{"start":{"line":111,"column":8},"end":{"line":111,"column":9}},"loc":{"start":{"line":111,"column":24},"end":{"line":111,"column":60}}},"4":{"name":"incrementReaction","decl":{"start":{"line":165,"column":9},"end":{"line":165,"column":26}},"loc":{"start":{"line":168,"column":25},"end":{"line":207,"column":1}}},"5":{"name":"(anonymous_12)","decl":{"start":{"line":173,"column":8},"end":{"line":173,"column":9}},"loc":{"start":{"line":173,"column":19},"end":{"line":173,"column":51}}},"6":{"name":"(anonymous_13)","decl":{"start":{"line":199,"column":32},"end":{"line":199,"column":33}},"loc":{"start":{"line":199,"column":42},"end":{"line":204,"column":5}}},"7":{"name":"decrementReaction","decl":{"start":{"line":209,"column":9},"end":{"line":209,"column":26}},"loc":{"start":{"line":212,"column":25},"end":{"line":265,"column":1}}},"8":{"name":"(anonymous_15)","decl":{"start":{"line":215,"column":8},"end":{"line":215,"column":9}},"loc":{"start":{"line":215,"column":19},"end":{"line":215,"column":51}}},"9":{"name":"(anonymous_16)","decl":{"start":{"line":255,"column":32},"end":{"line":255,"column":33}},"loc":{"start":{"line":255,"column":42},"end":{"line":262,"column":5}}},"10":{"name":"(anonymous_17)","decl":{"start":{"line":259,"column":16},"end":{"line":259,"column":17}},"loc":{"start":{"line":259,"column":28},"end":{"line":259,"column":52}}}},"branchMap":{"0":{"loc":{"start":{"line":33,"column":4},"end":{"line":44,"column":5}},"type":"if","locations":[{"start":{"line":33,"column":4},"end":{"line":44,"column":5}}]},"1":{"loc":{"start":{"line":47,"column":4},"end":{"line":49,"column":5}},"type":"if","locations":[{"start":{"line":47,"column":4},"end":{"line":49,"column":5}}]},"2":{"loc":{"start":{"line":52,"column":4},"end":{"line":54,"column":5}},"type":"if","locations":[{"start":{"line":52,"column":4},"end":{"line":54,"column":5}}]},"3":{"loc":{"start":{"line":89,"column":8},"end":{"line":101,"column":9}},"type":"if","locations":[{"start":{"line":89,"column":8},"end":{"line":101,"column":9}},{"start":{"line":95,"column":15},"end":{"line":101,"column":9}}]},"4":{"loc":{"start":{"line":95,"column":15},"end":{"line":101,"column":9}},"type":"if","locations":[{"start":{"line":95,"column":15},"end":{"line":101,"column":9}}]},"5":{"loc":{"start":{"line":107,"column":19},"end":{"line":107,"column":43}},"type":"binary-expr","locations":[{"start":{"line":107,"column":19},"end":{"line":107,"column":38}},{"start":{"line":107,"column":42},"end":{"line":107,"column":43}}]},"6":{"loc":{"start":{"line":107,"column":48},"end":{"line":107,"column":72}},"type":"binary-expr","locations":[{"start":{"line":107,"column":48},"end":{"line":107,"column":67}},{"start":{"line":107,"column":71},"end":{"line":107,"column":72}}]},"7":{"loc":{"start":{"line":111,"column":31},"end":{"line":111,"column":59}},"type":"binary-expr","locations":[{"start":{"line":111,"column":31},"end":{"line":111,"column":54}},{"start":{"line":111,"column":58},"end":{"line":111,"column":59}}]},"8":{"loc":{"start":{"line":177,"column":4},"end":{"line":184,"column":5}},"type":"if","locations":[{"start":{"line":177,"column":4},"end":{"line":184,"column":5}}]},"9":{"loc":{"start":{"line":187,"column":4},"end":{"line":197,"column":5}},"type":"if","locations":[{"start":{"line":187,"column":4},"end":{"line":197,"column":5}}]},"10":{"loc":{"start":{"line":200,"column":8},"end":{"line":203,"column":9}},"type":"if","locations":[{"start":{"line":200,"column":8},"end":{"line":203,"column":9}}]},"11":{"loc":{"start":{"line":219,"column":4},"end":{"line":229,"column":5}},"type":"if","locations":[{"start":{"line":219,"column":4},"end":{"line":229,"column":5}}]},"12":{"loc":{"start":{"line":231,"column":4},"end":{"line":241,"column":5}},"type":"if","locations":[{"start":{"line":231,"column":4},"end":{"line":241,"column":5}}]},"13":{"loc":{"start":{"line":243,"column":4},"end":{"line":253,"column":5}},"type":"if","locations":[{"start":{"line":243,"column":4},"end":{"line":253,"column":5}}]},"14":{"loc":{"start":{"line":256,"column":8},"end":{"line":261,"column":9}},"type":"if","locations":[{"start":{"line":256,"column":8},"end":{"line":261,"column":9}}]}},"s":{"0":1,"1":1,"2":1,"3":1,"4":35,"5":35,"6":9,"7":26,"8":26,"9":1,"10":25,"11":25,"12":3,"13":22,"14":22,"15":22,"16":22,"17":3,"18":19,"19":19,"20":2,"21":17,"22":17,"23":17,"24":11,"25":6,"26":6,"27":4,"28":13,"29":15,"30":13,"31":28,"32":13,"33":13,"34":1,"35":12,"36":12,"37":2,"38":10,"39":10,"40":1,"41":9,"42":1,"43":11,"44":13,"45":11,"46":2,"47":2,"48":9,"49":1,"50":1,"51":8,"52":16,"53":8,"54":8,"55":8,"56":6,"57":7,"58":6,"59":1,"60":1,"61":5,"62":1,"63":1,"64":4,"65":1,"66":1,"67":3,"68":6,"69":3,"70":3,"71":6,"72":3},"f":{"0":35,"1":35,"2":15,"3":28,"4":11,"5":13,"6":16,"7":6,"8":7,"9":6,"10":6},"b":{"0":[9],"1":[1],"2":[3],"3":[11,6],"4":[6],"5":[15,0],"6":[15,0],"7":[28,0],"8":[2],"9":[1],"10":[8],"11":[1],"12":[1],"13":[1],"14":[3]}}
,"/Users/mukaiyuuki/Projects/Wordless/wordless-backend-websocket-api/app/onconnect/handler.ts": {"path":"/Users/mukaiyuuki/Projects/Wordless/wordless-backend-websocket-api/app/onconnect/handler.ts","statementMap":{"0":{"start":{"line":1,"column":0},"end":{"line":1,"column":26}},"1":{"start":{"line":2,"column":0},"end":{"line":2,"column":25}},"2":{"start":{"line":3,"column":0},"end":{"line":3,"column":37}},"3":{"start":{"line":5,"column":0},"end":{"line":5,"column":76}},"4":{"start":{"line":7,"column":0},"end":{"line":7,"column":19}},"5":{"start":{"line":9,"column":23},"end":{"line":47,"column":2}},"6":{"start":{"line":11,"column":37},"end":{"line":47,"column":2}},"7":{"start":{"line":12,"column":4},"end":{"line":17,"column":5}},"8":{"start":{"line":16,"column":8},"end":{"line":16,"column":50}},"9":{"start":{"line":19,"column":31},"end":{"line":19,"column":72}},"10":{"start":{"line":21,"column":30},"end":{"line":21,"column":67}},"11":{"start":{"line":22,"column":4},"end":{"line":24,"column":5}},"12":{"start":{"line":23,"column":8},"end":{"line":23,"column":33}},"13":{"start":{"line":28,"column":8},"end":{"line":28,"column":13}},"14":{"start":{"line":30,"column":4},"end":{"line":42,"column":5}},"15":{"start":{"line":31,"column":8},"end":{"line":39,"column":10}},"16":{"start":{"line":41,"column":8},"end":{"line":41,"column":41}},"17":{"start":{"line":44,"column":4},"end":{"line":46,"column":6}},"18":{"start":{"line":9,"column":13},"end":{"line":9,"column":23}}},"fnMap":{"0":{"name":"(anonymous_8)","decl":{"start":{"line":9,"column":23},"end":{"line":9,"column":null}},"loc":{"start":{"line":11,"column":37},"end":{"line":47,"column":2}}},"1":{"name":"(anonymous_9)","decl":{"start":{"line":11,"column":37},"end":{"line":11,"column":null}},"loc":{"start":{"line":11,"column":37},"end":{"line":47,"column":1}}}},"branchMap":{"0":{"loc":{"start":{"line":12,"column":4},"end":{"line":17,"column":5}},"type":"if","locations":[{"start":{"line":12,"column":4},"end":{"line":17,"column":5}}]},"1":{"loc":{"start":{"line":13,"column":8},"end":{"line":14,"column":null}},"type":"binary-expr","locations":[{"start":{"line":13,"column":8},"end":{"line":13,"column":null}},{"start":{"line":14,"column":8},"end":{"line":14,"column":null}}]},"2":{"loc":{"start":{"line":13,"column":9},"end":{"line":13,"column":52}},"type":"cond-expr","locations":[{"start":{"line":13,"column":44},"end":{"line":13,"column":46}},{"start":{"line":13,"column":44},"end":{"line":13,"column":52}}]},"3":{"loc":{"start":{"line":13,"column":9},"end":{"line":13,"column":46}},"type":"binary-expr","locations":[{"start":{"line":13,"column":9},"end":{"line":13,"column":46}},{"start":{"line":13,"column":44},"end":{"line":13,"column":46}}]},"4":{"loc":{"start":{"line":13,"column":9},"end":{"line":13,"column":44}},"type":"cond-expr","locations":[{"start":{"line":13,"column":30},"end":{"line":13,"column":32}},{"start":{"line":13,"column":30},"end":{"line":13,"column":44}}]},"5":{"loc":{"start":{"line":13,"column":9},"end":{"line":13,"column":32}},"type":"binary-expr","locations":[{"start":{"line":13,"column":9},"end":{"line":13,"column":32}},{"start":{"line":13,"column":30},"end":{"line":13,"column":32}}]},"6":{"loc":{"start":{"line":13,"column":9},"end":{"line":13,"column":30}},"type":"cond-expr","locations":[{"start":{"line":13,"column":14},"end":{"line":13,"column":16}},{"start":{"line":13,"column":9},"end":{"line":13,"column":30}}]},"7":{"loc":{"start":{"line":13,"column":9},"end":{"line":13,"column":16}},"type":"binary-expr","locations":[{"start":{"line":13,"column":9},"end":{"line":13,"column":16}},{"start":{"line":13,"column":9},"end":{"line":13,"column":16}}]},"8":{"loc":{"start":{"line":14,"column":9},"end":{"line":14,"column":51}},"type":"cond-expr","locations":[{"start":{"line":14,"column":36},"end":{"line":14,"column":38}},{"start":{"line":14,"column":36},"end":{"line":14,"column":51}}]},"9":{"loc":{"start":{"line":14,"column":9},"end":{"line":14,"column":38}},"type":"binary-expr","locations":[{"start":{"line":14,"column":9},"end":{"line":14,"column":38}},{"start":{"line":14,"column":36},"end":{"line":14,"column":38}}]},"10":{"loc":{"start":{"line":22,"column":4},"end":{"line":24,"column":5}},"type":"if","locations":[{"start":{"line":22,"column":4},"end":{"line":24,"column":5}}]}},"s":{"0":1,"1":1,"2":1,"3":1,"4":1,"5":1,"6":10,"7":10,"8":5,"9":5,"10":5,"11":5,"12":3,"13":2,"14":2,"15":2,"16":1,"17":1,"18":1},"f":{"0":10,"1":10},"b":{"0":[5],"1":[10,7],"2":[2,8],"3":[10,10],"4":[2,8],"5":[10,10],"6":[1,9],"7":[10,10],"8":[1,6],"9":[7,7],"10":[3]}}
,"/Users/mukaiyuuki/Projects/Wordless/wordless-backend-websocket-api/app/ondisconnect/handler.ts": {"path":"/Users/mukaiyuuki/Projects/Wordless/wordless-backend-websocket-api/app/ondisconnect/handler.ts","statementMap":{"0":{"start":{"line":1,"column":0},"end":{"line":1,"column":37}},"1":{"start":{"line":3,"column":0},"end":{"line":3,"column":72}},"2":{"start":{"line":11,"column":26},"end":{"line":37,"column":2}},"3":{"start":{"line":13,"column":37},"end":{"line":37,"column":2}},"4":{"start":{"line":14,"column":4},"end":{"line":20,"column":5}},"5":{"start":{"line":19,"column":8},"end":{"line":19,"column":50}},"6":{"start":{"line":21,"column":29},"end":{"line":21,"column":49}},"7":{"start":{"line":23,"column":4},"end":{"line":36,"column":5}},"8":{"start":{"line":24,"column":8},"end":{"line":30,"column":10}},"9":{"start":{"line":31,"column":8},"end":{"line":33,"column":10}},"10":{"start":{"line":35,"column":8},"end":{"line":35,"column":41}},"11":{"start":{"line":11,"column":13},"end":{"line":11,"column":26}}},"fnMap":{"0":{"name":"(anonymous_7)","decl":{"start":{"line":11,"column":26},"end":{"line":11,"column":null}},"loc":{"start":{"line":13,"column":37},"end":{"line":37,"column":2}}},"1":{"name":"(anonymous_8)","decl":{"start":{"line":13,"column":37},"end":{"line":13,"column":null}},"loc":{"start":{"line":13,"column":37},"end":{"line":37,"column":1}}}},"branchMap":{"0":{"loc":{"start":{"line":14,"column":4},"end":{"line":20,"column":5}},"type":"if","locations":[{"start":{"line":14,"column":4},"end":{"line":20,"column":5}}]},"1":{"loc":{"start":{"line":15,"column":8},"end":{"line":17,"column":55}},"type":"binary-expr","locations":[{"start":{"line":15,"column":8},"end":{"line":15,"column":29}},{"start":{"line":16,"column":8},"end":{"line":16,"column":42}},{"start":{"line":17,"column":8},"end":{"line":17,"column":55}}]}},"s":{"0":1,"1":1,"2":1,"3":8,"4":8,"5":3,"6":5,"7":5,"8":5,"9":2,"10":3,"11":1},"f":{"0":8,"1":8},"b":{"0":[3],"1":[8,7,5]}}
,"/Users/mukaiyuuki/Projects/Wordless/wordless-backend-websocket-api/classes/Emote.ts": {"path":"/Users/mukaiyuuki/Projects/Wordless/wordless-backend-websocket-api/classes/Emote.ts","statementMap":{"0":{"start":{"line":30,"column":8},"end":{"line":30,"column":45}},"1":{"start":{"line":31,"column":8},"end":{"line":31,"column":31}},"2":{"start":{"line":32,"column":8},"end":{"line":32,"column":33}},"3":{"start":{"line":33,"column":8},"end":{"line":33,"column":29}},"4":{"start":{"line":34,"column":8},"end":{"line":34,"column":43}},"5":{"start":{"line":35,"column":8},"end":{"line":35,"column":47}},"6":{"start":{"line":36,"column":8},"end":{"line":36,"column":39}},"7":{"start":{"line":37,"column":8},"end":{"line":37,"column":43}},"8":{"start":{"line":38,"column":8},"end":{"line":38,"column":55}},"9":{"start":{"line":39,"column":8},"end":{"line":39,"column":61}},"10":{"start":{"line":3,"column":0},"end":{"line":3,"column":13}}},"fnMap":{"0":{"name":"(anonymous_0)","decl":{"start":{"line":18,"column":4},"end":{"line":18,"column":null}},"loc":{"start":{"line":28,"column":38},"end":{"line":40,"column":5}}}},"branchMap":{},"s":{"0":40,"1":40,"2":40,"3":40,"4":40,"5":40,"6":40,"7":40,"8":40,"9":40,"10":2},"f":{"0":40},"b":{}}
,"/Users/mukaiyuuki/Projects/Wordless/wordless-backend-websocket-api/static/emojiIds.ts": {"path":"/Users/mukaiyuuki/Projects/Wordless/wordless-backend-websocket-api/static/emojiIds.ts","statementMap":{"0":{"start":{"line":1,"column":13},"end":{"line":1994,"column":2}}},"fnMap":{},"branchMap":{},"s":{"0":2},"f":{},"b":{}}
,"/Users/mukaiyuuki/Projects/Wordless/wordless-backend-websocket-api/test/testUtils/index.ts": {"path":"/Users/mukaiyuuki/Projects/Wordless/wordless-backend-websocket-api/test/testUtils/index.ts","statementMap":{"0":{"start":{"line":1,"column":0},"end":{"line":1,"column":38}}},"fnMap":{},"branchMap":{},"s":{"0":5},"f":{},"b":{}}
,"/Users/mukaiyuuki/Projects/Wordless/wordless-backend-websocket-api/test/testUtils/verifyErrorResponse.ts": {"path":"/Users/mukaiyuuki/Projects/Wordless/wordless-backend-websocket-api/test/testUtils/verifyErrorResponse.ts","statementMap":{"0":{"start":{"line":3,"column":0},"end":{"line":3,"column":16}},"1":{"start":{"line":8,"column":4},"end":{"line":8,"column":57}},"2":{"start":{"line":9,"column":4},"end":{"line":9,"column":64}}},"fnMap":{"0":{"name":"verifyErrorResponse","decl":{"start":{"line":3,"column":16},"end":{"line":3,"column":35}},"loc":{"start":{"line":6,"column":29},"end":{"line":10,"column":1}}}},"branchMap":{},"s":{"0":5,"1":69,"2":69},"f":{"0":69},"b":{}}
,"/Users/mukaiyuuki/Projects/Wordless/wordless-backend-websocket-api/utility/broadcastToAllConnections.ts": {"path":"/Users/mukaiyuuki/Projects/Wordless/wordless-backend-websocket-api/utility/broadcastToAllConnections.ts","statementMap":{"0":{"start":{"line":13,"column":0},"end":{"line":13,"column":22}},"1":{"start":{"line":1,"column":0},"end":{"line":1,"column":null}},"2":{"start":{"line":5,"column":0},"end":{"line":5,"column":54}},"3":{"start":{"line":7,"column":0},"end":{"line":7,"column":51}},"4":{"start":{"line":9,"column":18},"end":{"line":11,"column":2}},"5":{"start":{"line":19,"column":20},"end":{"line":42,"column":null}},"6":{"start":{"line":20,"column":39},"end":{"line":42,"column":10}},"7":{"start":{"line":21,"column":37},"end":{"line":21,"column":41}},"8":{"start":{"line":23,"column":12},"end":{"line":41,"column":13}},"9":{"start":{"line":24,"column":16},"end":{"line":29,"column":18}},"10":{"start":{"line":31,"column":16},"end":{"line":40,"column":17}},"11":{"start":{"line":32,"column":20},"end":{"line":36,"column":22}},"12":{"start":{"line":38,"column":20},"end":{"line":38,"column":61}},"13":{"start":{"line":39,"column":20},"end":{"line":39,"column":63}},"14":{"start":{"line":46,"column":4},"end":{"line":60,"column":5}},"15":{"start":{"line":47,"column":8},"end":{"line":59,"column":9}},"16":{"start":{"line":51,"column":12},"end":{"line":58,"column":14}}},"fnMap":{"0":{"name":"broadcastToAllConnections","decl":{"start":{"line":13,"column":22},"end":{"line":13,"column":47}},"loc":{"start":{"line":17,"column":46},"end":{"line":61,"column":null}}},"1":{"name":"(anonymous_9)","decl":{"start":{"line":20,"column":24},"end":{"line":20,"column":31}},"loc":{"start":{"line":20,"column":39},"end":{"line":42,"column":10}}},"2":{"name":"(anonymous_10)","decl":{"start":{"line":20,"column":39},"end":{"line":20,"column":null}},"loc":{"start":{"line":20,"column":39},"end":{"line":42,"column":9}}}},"branchMap":{"0":{"loc":{"start":{"line":31,"column":16},"end":{"line":40,"column":17}},"type":"if","locations":[{"start":{"line":31,"column":16},"end":{"line":40,"column":17}},{"start":{"line":37,"column":23},"end":{"line":40,"column":17}}]},"1":{"loc":{"start":{"line":47,"column":8},"end":{"line":59,"column":9}},"type":"if","locations":[{"start":{"line":47,"column":8},"end":{"line":59,"column":9}}]},"2":{"loc":{"start":{"line":48,"column":12},"end":{"line":49,"column":63}},"type":"binary-expr","locations":[{"start":{"line":48,"column":12},"end":{"line":48,"column":40}},{"start":{"line":49,"column":12},"end":{"line":49,"column":63}}]}},"s":{"0":5,"1":5,"2":5,"3":5,"4":5,"5":17,"6":17,"7":17,"8":17,"9":17,"10":2,"11":0,"12":2,"13":2,"14":17,"15":17,"16":2},"f":{"0":17,"1":17,"2":17},"b":{"0":[0,2],"1":[2],"2":[17,2]}}
,"/Users/mukaiyuuki/Projects/Wordless/wordless-backend-websocket-api/utility/createErrorResponse.ts": {"path":"/Users/mukaiyuuki/Projects/Wordless/wordless-backend-websocket-api/utility/createErrorResponse.ts","statementMap":{"0":{"start":{"line":3,"column":0},"end":{"line":3,"column":16}},"1":{"start":{"line":7,"column":4},"end":{"line":7,"column":24}},"2":{"start":{"line":8,"column":4},"end":{"line":11,"column":6}}},"fnMap":{"0":{"name":"createErrorResponse","decl":{"start":{"line":3,"column":16},"end":{"line":3,"column":35}},"loc":{"start":{"line":5,"column":19},"end":{"line":12,"column":1}}}},"branchMap":{},"s":{"0":5,"1":34,"2":34},"f":{"0":34},"b":{}}
,"/Users/mukaiyuuki/Projects/Wordless/wordless-backend-websocket-api/utility/deleteItemFromDynamoDB.ts": {"path":"/Users/mukaiyuuki/Projects/Wordless/wordless-backend-websocket-api/utility/deleteItemFromDynamoDB.ts","statementMap":{"0":{"start":{"line":7,"column":0},"end":{"line":7,"column":22}},"1":{"start":{"line":1,"column":0},"end":{"line":1,"column":54}},"2":{"start":{"line":3,"column":0},"end":{"line":3,"column":64}},"3":{"start":{"line":5,"column":18},"end":{"line":5,"column":37}},"4":{"start":{"line":12,"column":4},"end":{"line":29,"column":5}},"5":{"start":{"line":13,"column":8},"end":{"line":18,"column":10}},"6":{"start":{"line":20,"column":8},"end":{"line":20,"column":33}},"7":{"start":{"line":21,"column":8},"end":{"line":28,"column":10}}},"fnMap":{"0":{"name":"deleteItemFromDynamoDB","decl":{"start":{"line":7,"column":22},"end":{"line":7,"column":44}},"loc":{"start":{"line":10,"column":24},"end":{"line":30,"column":null}}}},"branchMap":{},"s":{"0":5,"1":5,"2":5,"3":5,"4":5,"5":5,"6":3,"7":3},"f":{"0":5},"b":{}}
,"/Users/mukaiyuuki/Projects/Wordless/wordless-backend-websocket-api/utility/getDynamoDBClient.ts": {"path":"/Users/mukaiyuuki/Projects/Wordless/wordless-backend-websocket-api/utility/getDynamoDBClient.ts","statementMap":{"0":{"start":{"line":1,"column":0},"end":{"line":1,"column":58}},"1":{"start":{"line":2,"column":0},"end":{"line":2,"column":63}},"2":{"start":{"line":4,"column":33},"end":{"line":16,"column":1}},"3":{"start":{"line":5,"column":17},"end":{"line":9,"column":6}},"4":{"start":{"line":10,"column":4},"end":{"line":14,"column":5}},"5":{"start":{"line":11,"column":8},"end":{"line":13,"column":11}},"6":{"start":{"line":15,"column":4},"end":{"line":15,"column":47}},"7":{"start":{"line":4,"column":13},"end":{"line":4,"column":33}}},"fnMap":{"0":{"name":"(anonymous_0)","decl":{"start":{"line":4,"column":33},"end":{"line":4,"column":60}},"loc":{"start":{"line":4,"column":62},"end":{"line":16,"column":1}}}},"branchMap":{"0":{"loc":{"start":{"line":10,"column":4},"end":{"line":14,"column":5}},"type":"if","locations":[{"start":{"line":10,"column":4},"end":{"line":14,"column":5}}]}},"s":{"0":5,"1":5,"2":5,"3":20,"4":20,"5":20,"6":20,"7":5},"f":{"0":20},"b":{"0":[20]}}
,"/Users/mukaiyuuki/Projects/Wordless/wordless-backend-websocket-api/utility/getItemFromDynamoDB.ts": {"path":"/Users/mukaiyuuki/Projects/Wordless/wordless-backend-websocket-api/utility/getItemFromDynamoDB.ts","statementMap":{"0":{"start":{"line":7,"column":0},"end":{"line":7,"column":22}},"1":{"start":{"line":1,"column":0},"end":{"line":1,"column":51}},"2":{"start":{"line":2,"column":0},"end":{"line":2,"column":56}},"3":{"start":{"line":5,"column":18},"end":{"line":5,"column":37}},"4":{"start":{"line":13,"column":4},"end":{"line":47,"column":5}},"5":{"start":{"line":14,"column":23},"end":{"line":18,"column":null}},"6":{"start":{"line":20,"column":8},"end":{"line":24,"column":9}},"7":{"start":{"line":21,"column":12},"end":{"line":21,"column":31}},"8":{"start":{"line":23,"column":12},"end":{"line":23,"column":41}},"9":{"start":{"line":26,"column":8},"end":{"line":36,"column":9}},"10":{"start":{"line":27,"column":12},"end":{"line":27,"column":45}},"11":{"start":{"line":28,"column":12},"end":{"line":35,"column":14}},"12":{"start":{"line":38,"column":8},"end":{"line":38,"column":43}},"13":{"start":{"line":39,"column":8},"end":{"line":46,"column":10}}},"fnMap":{"0":{"name":"getItemFromDynamoDB","decl":{"start":{"line":7,"column":22},"end":{"line":7,"column":41}},"loc":{"start":{"line":11,"column":34},"end":{"line":48,"column":null}}}},"branchMap":{"0":{"loc":{"start":{"line":20,"column":8},"end":{"line":24,"column":9}},"type":"if","locations":[{"start":{"line":20,"column":8},"end":{"line":24,"column":9}},{"start":{"line":22,"column":15},"end":{"line":24,"column":9}}]},"1":{"loc":{"start":{"line":26,"column":8},"end":{"line":36,"column":9}},"type":"if","locations":[{"start":{"line":26,"column":8},"end":{"line":36,"column":9}}]},"2":{"loc":{"start":{"line":26,"column":12},"end":{"line":26,"column":67}},"type":"binary-expr","locations":[{"start":{"line":26,"column":12},"end":{"line":26,"column":34}},{"start":{"line":26,"column":38},"end":{"line":26,"column":67}}]}},"s":{"0":5,"1":5,"2":5,"3":5,"4":66,"5":66,"6":62,"7":58,"8":4,"9":8,"10":4,"11":4,"12":4,"13":4},"f":{"0":66},"b":{"0":[58,4],"1":[4],"2":[8,8]}}
,"/Users/mukaiyuuki/Projects/Wordless/wordless-backend-websocket-api/utility/getRDSDBClient.ts": {"path":"/Users/mukaiyuuki/Projects/Wordless/wordless-backend-websocket-api/utility/getRDSDBClient.ts","statementMap":{"0":{"start":{"line":1,"column":0},"end":{"line":1,"column":36}},"1":{"start":{"line":4,"column":30},"end":{"line":15,"column":1}},"2":{"start":{"line":5,"column":24},"end":{"line":12,"column":6}},"3":{"start":{"line":14,"column":4},"end":{"line":14,"column":23}},"4":{"start":{"line":4,"column":13},"end":{"line":4,"column":30}}},"fnMap":{"0":{"name":"(anonymous_0)","decl":{"start":{"line":4,"column":30},"end":{"line":4,"column":50}},"loc":{"start":{"line":4,"column":52},"end":{"line":15,"column":1}}}},"branchMap":{},"s":{"0":5,"1":5,"2":0,"3":0,"4":5},"f":{"0":0},"b":{}}
,"/Users/mukaiyuuki/Projects/Wordless/wordless-backend-websocket-api/utility/index.ts": {"path":"/Users/mukaiyuuki/Projects/Wordless/wordless-backend-websocket-api/utility/index.ts","statementMap":{"0":{"start":{"line":1,"column":0},"end":{"line":1,"column":52}},"1":{"start":{"line":2,"column":0},"end":{"line":2,"column":46}},"2":{"start":{"line":3,"column":0},"end":{"line":3,"column":49}},"3":{"start":{"line":4,"column":0},"end":{"line":4,"column":44}},"4":{"start":{"line":5,"column":0},"end":{"line":5,"column":46}},"5":{"start":{"line":6,"column":0},"end":{"line":6,"column":41}},"6":{"start":{"line":7,"column":0},"end":{"line":7,"column":41}},"7":{"start":{"line":8,"column":0},"end":{"line":8,"column":43}},"8":{"start":{"line":9,"column":0},"end":{"line":9,"column":40}},"9":{"start":{"line":10,"column":0},"end":{"line":10,"column":48}},"10":{"start":{"line":11,"column":0},"end":{"line":11,"column":38}},"11":{"start":{"line":12,"column":0},"end":{"line":12,"column":47}}},"fnMap":{},"branchMap":{},"s":{"0":5,"1":5,"2":5,"3":5,"4":5,"5":5,"6":5,"7":5,"8":5,"9":5,"10":5,"11":5},"f":{},"b":{}}
,"/Users/mukaiyuuki/Projects/Wordless/wordless-backend-websocket-api/utility/isInvalidRequest.ts": {"path":"/Users/mukaiyuuki/Projects/Wordless/wordless-backend-websocket-api/utility/isInvalidRequest.ts","statementMap":{"0":{"start":{"line":3,"column":0},"end":{"line":3,"column":16}},"1":{"start":{"line":7,"column":17},"end":{"line":7,"column":64}},"2":{"start":{"line":8,"column":4},"end":{"line":11,"column":6}},"3":{"start":{"line":18,"column":4},"end":{"line":18,"column":27}},"4":{"start":{"line":18,"column":15},"end":{"line":18,"column":27}},"5":{"start":{"line":19,"column":4},"end":{"line":19,"column":52}},"6":{"start":{"line":19,"column":40},"end":{"line":19,"column":50}}},"fnMap":{"0":{"name":"isInvalidRequest","decl":{"start":{"line":3,"column":16},"end":{"line":3,"column":32}},"loc":{"start":{"line":5,"column":29},"end":{"line":12,"column":1}}},"1":{"name":"hasMissingBodyFields","decl":{"start":{"line":14,"column":9},"end":{"line":14,"column":29}},"loc":{"start":{"line":16,"column":28},"end":{"line":20,"column":1}}},"2":{"name":"(anonymous_2)","decl":{"start":{"line":19,"column":31},"end":{"line":19,"column":32}},"loc":{"start":{"line":19,"column":40},"end":{"line":19,"column":50}}}},"branchMap":{"0":{"loc":{"start":{"line":7,"column":17},"end":{"line":7,"column":64}},"type":"cond-expr","locations":[{"start":{"line":7,"column":30},"end":{"line":7,"column":52}},{"start":{"line":7,"column":55},"end":{"line":7,"column":64}}]},"1":{"loc":{"start":{"line":9,"column":8},"end":{"line":10,"column":70}},"type":"binary-expr","locations":[{"start":{"line":9,"column":8},"end":{"line":9,"column":null}},{"start":{"line":10,"column":9},"end":{"line":10,"column":23}},{"start":{"line":10,"column":27},"end":{"line":10,"column":69}}]},"2":{"loc":{"start":{"line":9,"column":9},"end":{"line":9,"column":52}},"type":"cond-expr","locations":[{"start":{"line":9,"column":44},"end":{"line":9,"column":46}},{"start":{"line":9,"column":44},"end":{"line":9,"column":52}}]},"3":{"loc":{"start":{"line":9,"column":9},"end":{"line":9,"column":46}},"type":"binary-expr","locations":[{"start":{"line":9,"column":9},"end":{"line":9,"column":46}},{"start":{"line":9,"column":44},"end":{"line":9,"column":46}}]},"4":{"loc":{"start":{"line":9,"column":9},"end":{"line":9,"column":44}},"type":"cond-expr","locations":[{"start":{"line":9,"column":30},"end":{"line":9,"column":32}},{"start":{"line":9,"column":30},"end":{"line":9,"column":44}}]},"5":{"loc":{"start":{"line":9,"column":9},"end":{"line":9,"column":32}},"type":"binary-expr","locations":[{"start":{"line":9,"column":9},"end":{"line":9,"column":32}},{"start":{"line":9,"column":30},"end":{"line":9,"column":32}}]},"6":{"loc":{"start":{"line":9,"column":9},"end":{"line":9,"column":30}},"type":"cond-expr","locations":[{"start":{"line":9,"column":14},"end":{"line":9,"column":16}},{"start":{"line":9,"column":9},"end":{"line":9,"column":30}}]},"7":{"loc":{"start":{"line":9,"column":9},"end":{"line":9,"column":16}},"type":"binary-expr","locations":[{"start":{"line":9,"column":9},"end":{"line":9,"column":16}},{"start":{"line":9,"column":9},"end":{"line":9,"column":16}}]},"8":{"loc":{"start":{"line":18,"column":4},"end":{"line":18,"column":27}},"type":"if","locations":[{"start":{"line":18,"column":4},"end":{"line":18,"column":27}}]}},"s":{"0":5,"1":65,"2":65,"3":59,"4":0,"5":59,"6":257},"f":{"0":65,"1":59,"2":257},"b":{"0":[63,2],"1":[65,59,59],"2":[4,61],"3":[65,65],"4":[4,61],"5":[65,65],"6":[0,65],"7":[65,65],"8":[0]}}
,"/Users/mukaiyuuki/Projects/Wordless/wordless-backend-websocket-api/utility/putToDynamoDB.ts": {"path":"/Users/mukaiyuuki/Projects/Wordless/wordless-backend-websocket-api/utility/putToDynamoDB.ts","statementMap":{"0":{"start":{"line":7,"column":0},"end":{"line":7,"column":22}},"1":{"start":{"line":1,"column":0},"end":{"line":1,"column":51}},"2":{"start":{"line":3,"column":0},"end":{"line":3,"column":64}},"3":{"start":{"line":5,"column":18},"end":{"line":5,"column":37}},"4":{"start":{"line":12,"column":4},"end":{"line":29,"column":5}},"5":{"start":{"line":13,"column":8},"end":{"line":18,"column":10}},"6":{"start":{"line":20,"column":8},"end":{"line":20,"column":43}},"7":{"start":{"line":21,"column":8},"end":{"line":28,"column":10}}},"fnMap":{"0":{"name":"putToDynamoDB","decl":{"start":{"line":7,"column":22},"end":{"line":7,"column":35}},"loc":{"start":{"line":10,"column":34},"end":{"line":30,"column":null}}}},"branchMap":{},"s":{"0":5,"1":5,"2":5,"3":5,"4":25,"5":25,"6":3,"7":3},"f":{"0":25},"b":{}}
,"/Users/mukaiyuuki/Projects/Wordless/wordless-backend-websocket-api/utility/scanItemsFromDynamoDB.ts": {"path":"/Users/mukaiyuuki/Projects/Wordless/wordless-backend-websocket-api/utility/scanItemsFromDynamoDB.ts","statementMap":{"0":{"start":{"line":7,"column":0},"end":{"line":7,"column":22}},"1":{"start":{"line":1,"column":0},"end":{"line":1,"column":52}},"2":{"start":{"line":3,"column":0},"end":{"line":3,"column":64}},"3":{"start":{"line":5,"column":18},"end":{"line":5,"column":37}},"4":{"start":{"line":12,"column":4},"end":{"line":45,"column":5}},"5":{"start":{"line":13,"column":23},"end":{"line":16,"column":null}},"6":{"start":{"line":18,"column":8},"end":{"line":22,"column":9}},"7":{"start":{"line":19,"column":12},"end":{"line":19,"column":32}},"8":{"start":{"line":21,"column":12},"end":{"line":21,"column":41}},"9":{"start":{"line":24,"column":8},"end":{"line":34,"column":9}},"10":{"start":{"line":25,"column":12},"end":{"line":25,"column":45}},"11":{"start":{"line":26,"column":12},"end":{"line":33,"column":14}},"12":{"start":{"line":36,"column":8},"end":{"line":36,"column":43}},"13":{"start":{"line":37,"column":8},"end":{"line":44,"column":10}}},"fnMap":{"0":{"name":"scanItemsFromDynamoDB","decl":{"start":{"line":7,"column":22},"end":{"line":7,"column":43}},"loc":{"start":{"line":10,"column":34},"end":{"line":46,"column":null}}}},"branchMap":{"0":{"loc":{"start":{"line":18,"column":8},"end":{"line":22,"column":9}},"type":"if","locations":[{"start":{"line":18,"column":8},"end":{"line":22,"column":9}},{"start":{"line":20,"column":15},"end":{"line":22,"column":9}}]},"1":{"loc":{"start":{"line":24,"column":8},"end":{"line":34,"column":9}},"type":"if","locations":[{"start":{"line":24,"column":8},"end":{"line":34,"column":9}}]},"2":{"loc":{"start":{"line":24,"column":12},"end":{"line":24,"column":67}},"type":"binary-expr","locations":[{"start":{"line":24,"column":12},"end":{"line":24,"column":34}},{"start":{"line":24,"column":38},"end":{"line":24,"column":67}}]}},"s":{"0":5,"1":5,"2":5,"3":5,"4":21,"5":21,"6":19,"7":17,"8":2,"9":4,"10":2,"11":2,"12":2,"13":2},"f":{"0":21},"b":{"0":[17,2],"1":[2],"2":[4,4]}}
,"/Users/mukaiyuuki/Projects/Wordless/wordless-backend-websocket-api/utility/verifyToken.ts": {"path":"/Users/mukaiyuuki/Projects/Wordless/wordless-backend-websocket-api/utility/verifyToken.ts","statementMap":{"0":{"start":{"line":4,"column":0},"end":{"line":4,"column":22}},"1":{"start":{"line":1,"column":0},"end":{"line":1,"column":51}},"2":{"start":{"line":2,"column":0},"end":{"line":2,"column":58}},"3":{"start":{"line":19,"column":4},"end":{"line":29,"column":5}},"4":{"start":{"line":20,"column":8},"end":{"line":20,"column":38}},"5":{"start":{"line":22,"column":8},"end":{"line":22,"column":32}},"6":{"start":{"line":23,"column":8},"end":{"line":28,"column":10}},"7":{"start":{"line":33,"column":4},"end":{"line":44,"column":5}},"8":{"start":{"line":34,"column":8},"end":{"line":34,"column":59}},"9":{"start":{"line":35,"column":8},"end":{"line":35,"column":42}},"10":{"start":{"line":37,"column":8},"end":{"line":37,"column":32}},"11":{"start":{"line":38,"column":8},"end":{"line":43,"column":10}},"12":{"start":{"line":46,"column":16},"end":{"line":46,"column":39}},"13":{"start":{"line":47,"column":4},"end":{"line":55,"column":5}},"14":{"start":{"line":48,"column":8},"end":{"line":48,"column":32}},"15":{"start":{"line":49,"column":8},"end":{"line":54,"column":10}},"16":{"start":{"line":57,"column":4},"end":{"line":62,"column":6}}},"fnMap":{"0":{"name":"verifyToken","decl":{"start":{"line":4,"column":22},"end":{"line":4,"column":33}},"loc":{"start":{"line":4,"column":47},"end":{"line":63,"column":null}}}},"branchMap":{"0":{"loc":{"start":{"line":47,"column":4},"end":{"line":55,"column":5}},"type":"if","locations":[{"start":{"line":47,"column":4},"end":{"line":55,"column":5}}]}},"s":{"0":5,"1":5,"2":5,"3":46,"4":46,"5":3,"6":3,"7":43,"8":43,"9":40,"10":3,"11":3,"12":40,"13":40,"14":3,"15":3,"16":37},"f":{"0":46},"b":{"0":[3]}}
,"/Users/mukaiyuuki/Projects/Wordless/wordless-backend-websocket-api/utility/verifyUserConnection.ts": {"path":"/Users/mukaiyuuki/Projects/Wordless/wordless-backend-websocket-api/utility/verifyUserConnection.ts","statementMap":{"0":{"start":{"line":5,"column":0},"end":{"line":5,"column":22}},"1":{"start":{"line":1,"column":0},"end":{"line":1,"column":37}},"2":{"start":{"line":3,"column":0},"end":{"line":3,"column":68}},"3":{"start":{"line":11,"column":4},"end":{"line":22,"column":5}},"4":{"start":{"line":12,"column":8},"end":{"line":19,"column":36}},"5":{"start":{"line":21,"column":8},"end":{"line":21,"column":39}},"6":{"start":{"line":24,"column":4},"end":{"line":33,"column":5}},"7":{"start":{"line":25,"column":8},"end":{"line":32,"column":10}}},"fnMap":{"0":{"name":"verifyUserConnection","decl":{"start":{"line":5,"column":22},"end":{"line":5,"column":42}},"loc":{"start":{"line":9,"column":1},"end":{"line":34,"column":null}}}},"branchMap":{"0":{"loc":{"start":{"line":24,"column":4},"end":{"line":33,"column":5}},"type":"if","locations":[{"start":{"line":24,"column":4},"end":{"line":33,"column":5}}]}},"s":{"0":5,"1":5,"2":5,"3":35,"4":35,"5":4,"6":31,"7":2},"f":{"0":35},"b":{"0":[2]}}
}
