TN:
SF:app/onPostEmote/core.ts
FN:21,(anonymous_8)
FN:23,(anonymous_9)
FNF:2
FNH:2
FNDA:13,(anonymous_8)
FNDA:13,(anonymous_9)
DA:1,1
DA:2,1
DA:9,1
DA:10,1
DA:11,1
DA:18,1
DA:19,1
DA:21,1
DA:23,13
DA:25,13
DA:27,13
DA:28,13
DA:29,13
DA:33,13
DA:35,13
DA:48,12
DA:55,1
DA:57,13
DA:60,12
DA:61,12
DA:70,2
DA:73,10
DA:74,10
DA:83,1
DA:86,9
LF:25
LH:25
BRF:0
BRH:0
end_of_record
TN:
SF:app/onPostEmote/entry.ts
FN:33,(anonymous_8)
FN:35,(anonymous_9)
FNF:2
FNH:2
FNDA:30,(anonymous_8)
FNDA:30,(anonymous_9)
DA:1,1
DA:2,1
DA:9,1
DA:11,1
DA:19,1
DA:21,1
DA:33,1
DA:35,30
DA:36,30
DA:44,10
DA:47,20
DA:55,20
DA:57,20
DA:58,20
DA:64,74
DA:65,42
DA:68,32
DA:69,0
DA:72,32
DA:73,4
DA:78,16
DA:79,16
DA:80,3
DA:85,13
DA:87,13
DA:88,13
DA:94,3
DA:97,10
DA:100,10
DA:113,10
DA:114,10
DA:115,9
DA:118,1
DA:122,9
DA:123,9
DA:129,2
DA:132,7
DA:133,7
DA:146,1
DA:149,6
LF:40
LH:39
BRDA:36,0,0,10
BRDA:64,1,0,42
BRDA:64,1,1,32
BRDA:68,2,0,0
BRDA:72,3,0,4
BRDA:79,4,0,3
BRF:6
BRH:5
end_of_record
TN:
SF:app/onReact/handler.ts
FN:30,(anonymous_7)
FN:32,(anonymous_8)
FN:107,(anonymous_9)
FN:111,(anonymous_10)
FN:165,incrementReaction
FN:173,(anonymous_12)
FN:199,(anonymous_13)
FN:209,decrementReaction
FN:215,(anonymous_15)
FN:255,(anonymous_16)
FN:259,(anonymous_17)
FNF:11
FNH:11
FNDA:35,(anonymous_7)
FNDA:35,(anonymous_8)
FNDA:15,(anonymous_9)
FNDA:28,(anonymous_10)
FNDA:11,incrementReaction
FNDA:13,(anonymous_12)
FNDA:16,(anonymous_13)
FNDA:6,decrementReaction
FNDA:7,(anonymous_15)
FNDA:6,(anonymous_16)
FNDA:6,(anonymous_17)
DA:1,1
DA:9,1
DA:19,1
DA:30,1
DA:32,35
DA:33,35
DA:43,9
DA:46,26
DA:47,26
DA:48,1
DA:51,25
DA:52,25
DA:53,3
DA:58,22
DA:60,22
DA:62,22
DA:63,22
DA:69,3
DA:73,19
DA:74,19
DA:83,2
DA:86,17
DA:88,17
DA:89,17
DA:90,11
DA:95,6
DA:96,6
DA:103,4
DA:106,13
DA:107,15
DA:110,13
DA:111,28
DA:115,13
DA:116,13
DA:125,1
DA:129,12
DA:130,12
DA:136,2
DA:139,10
DA:140,10
DA:157,1
DA:160,9
DA:172,11
DA:173,13
DA:177,11
DA:178,2
DA:183,2
DA:187,9
DA:188,1
DA:189,1
DA:199,8
DA:200,16
DA:201,8
DA:202,8
DA:206,8
DA:214,6
DA:215,7
DA:219,6
DA:220,1
DA:221,1
DA:231,5
DA:232,1
DA:233,1
DA:243,4
DA:244,1
DA:245,1
DA:255,3
DA:256,6
DA:257,3
DA:258,3
DA:259,6
DA:264,3
LF:72
LH:72
BRDA:33,0,0,9
BRDA:47,1,0,1
BRDA:52,2,0,3
BRDA:89,3,0,11
BRDA:89,3,1,6
BRDA:95,4,0,6
BRDA:107,5,0,15
BRDA:107,5,1,0
BRDA:107,6,0,15
BRDA:107,6,1,0
BRDA:111,7,0,28
BRDA:111,7,1,0
BRDA:177,8,0,2
BRDA:187,9,0,1
BRDA:200,10,0,8
BRDA:219,11,0,1
BRDA:231,12,0,1
BRDA:243,13,0,1
BRDA:256,14,0,3
BRF:19
BRH:16
end_of_record
TN:
SF:app/onconnect/handler.ts
FN:9,(anonymous_8)
FN:11,(anonymous_9)
FNF:2
FNH:2
FNDA:10,(anonymous_8)
FNDA:10,(anonymous_9)
DA:1,1
DA:2,1
DA:3,1
DA:5,1
DA:7,1
DA:9,1
DA:11,10
DA:12,10
DA:16,5
DA:19,5
DA:21,5
DA:22,5
DA:23,3
DA:28,2
DA:30,2
DA:31,2
DA:41,1
DA:44,1
LF:18
LH:18
BRDA:12,0,0,5
BRDA:13,1,0,10
BRDA:13,1,1,7
BRDA:13,2,0,2
BRDA:13,2,1,8
BRDA:13,3,0,10
BRDA:13,3,1,10
BRDA:13,4,0,2
BRDA:13,4,1,8
BRDA:13,5,0,10
BRDA:13,5,1,10
BRDA:13,6,0,1
BRDA:13,6,1,9
BRDA:13,7,0,10
BRDA:13,7,1,10
BRDA:14,8,0,1
BRDA:14,8,1,6
BRDA:14,9,0,7
BRDA:14,9,1,7
BRDA:22,10,0,3
BRF:20
BRH:20
end_of_record
TN:
SF:app/ondisconnect/handler.ts
FN:11,(anonymous_7)
FN:13,(anonymous_8)
FNF:2
FNH:2
FNDA:8,(anonymous_7)
FNDA:8,(anonymous_8)
DA:1,1
DA:3,1
DA:11,1
DA:13,8
DA:14,8
DA:19,3
DA:21,5
DA:23,5
DA:24,5
DA:31,2
DA:35,3
LF:11
LH:11
BRDA:14,0,0,3
BRDA:15,1,0,8
BRDA:15,1,1,7
BRDA:15,1,2,5
BRF:4
BRH:4
end_of_record
TN:
SF:classes/Emote.ts
FN:18,(anonymous_0)
FNF:1
FNH:1
FNDA:40,(anonymous_0)
DA:3,2
DA:30,40
DA:31,40
DA:32,40
DA:33,40
DA:34,40
DA:35,40
DA:36,40
DA:37,40
DA:38,40
DA:39,40
LF:11
LH:11
BRF:0
BRH:0
end_of_record
TN:
SF:static/emojiIds.ts
FNF:0
FNH:0
DA:1,2
LF:1
LH:1
BRF:0
BRH:0
end_of_record
TN:
SF:test/testUtils/index.ts
FNF:0
FNH:0
DA:1,5
LF:1
LH:1
BRF:0
BRH:0
end_of_record
TN:
SF:test/testUtils/verifyErrorResponse.ts
FN:3,verifyErrorResponse
FNF:1
FNH:1
FNDA:69,verifyErrorResponse
DA:3,5
DA:8,69
DA:9,69
LF:3
LH:3
BRF:0
BRH:0
end_of_record
TN:
SF:utility/broadcastToAllConnections.ts
FN:13,broadcastToAllConnections
FN:20,(anonymous_9)
FN:20,(anonymous_10)
FNF:3
FNH:3
FNDA:17,broadcastToAllConnections
FNDA:17,(anonymous_9)
FNDA:17,(anonymous_10)
DA:1,5
DA:5,5
DA:7,5
DA:9,5
DA:13,5
DA:19,17
DA:20,17
DA:21,17
DA:23,17
DA:24,17
DA:31,2
DA:32,0
DA:38,2
DA:39,2
DA:46,17
DA:47,17
DA:51,2
LF:17
LH:16
BRDA:31,0,0,0
BRDA:31,0,1,2
BRDA:47,1,0,2
BRDA:48,2,0,17
BRDA:48,2,1,2
BRF:5
BRH:4
end_of_record
TN:
SF:utility/createErrorResponse.ts
FN:3,createErrorResponse
FNF:1
FNH:1
FNDA:34,createErrorResponse
DA:3,5
DA:7,34
DA:8,34
LF:3
LH:3
BRF:0
BRH:0
end_of_record
TN:
SF:utility/deleteItemFromDynamoDB.ts
FN:7,deleteItemFromDynamoDB
FNF:1
FNH:1
FNDA:5,deleteItemFromDynamoDB
DA:1,5
DA:3,5
DA:5,5
DA:7,5
DA:12,5
DA:13,5
DA:20,3
DA:21,3
LF:8
LH:8
BRF:0
BRH:0
end_of_record
TN:
SF:utility/getDynamoDBClient.ts
FN:4,(anonymous_0)
FNF:1
FNH:1
FNDA:20,(anonymous_0)
DA:1,5
DA:2,5
DA:4,5
DA:5,20
DA:10,20
DA:11,20
DA:15,20
LF:7
LH:7
BRDA:10,0,0,20
BRF:1
BRH:1
end_of_record
TN:
SF:utility/getItemFromDynamoDB.ts
FN:7,getItemFromDynamoDB
FNF:1
FNH:1
FNDA:66,getItemFromDynamoDB
DA:1,5
DA:2,5
DA:5,5
DA:7,5
DA:13,66
DA:14,66
DA:20,62
DA:21,58
DA:23,4
DA:26,8
DA:27,4
DA:28,4
DA:38,4
DA:39,4
LF:14
LH:14
BRDA:20,0,0,58
BRDA:20,0,1,4
BRDA:26,1,0,4
BRDA:26,2,0,8
BRDA:26,2,1,8
BRF:5
BRH:5
end_of_record
TN:
SF:utility/getRDSDBClient.ts
FN:4,(anonymous_0)
FNF:1
FNH:0
FNDA:0,(anonymous_0)
DA:1,5
DA:4,5
DA:5,0
DA:14,0
LF:4
LH:2
BRF:0
BRH:0
end_of_record
TN:
SF:utility/index.ts
FNF:0
FNH:0
DA:1,5
DA:2,5
DA:3,5
DA:4,5
DA:5,5
DA:6,5
DA:7,5
DA:8,5
DA:9,5
DA:10,5
DA:11,5
DA:12,5
LF:12
LH:12
BRF:0
BRH:0
end_of_record
TN:
SF:utility/isInvalidRequest.ts
FN:3,isInvalidRequest
FN:14,hasMissingBodyFields
FN:19,(anonymous_2)
FNF:3
FNH:3
FNDA:65,isInvalidRequest
FNDA:59,hasMissingBodyFields
FNDA:257,(anonymous_2)
DA:3,5
DA:7,65
DA:8,65
DA:18,59
DA:19,257
LF:5
LH:5
BRDA:7,0,0,63
BRDA:7,0,1,2
BRDA:9,1,0,65
BRDA:9,1,1,59
BRDA:9,1,2,59
BRDA:9,2,0,4
BRDA:9,2,1,61
BRDA:9,3,0,65
BRDA:9,3,1,65
BRDA:9,4,0,4
BRDA:9,4,1,61
BRDA:9,5,0,65
BRDA:9,5,1,65
BRDA:9,6,0,0
BRDA:9,6,1,65
BRDA:9,7,0,65
BRDA:9,7,1,65
BRDA:18,8,0,0
BRF:18
BRH:16
end_of_record
TN:
SF:utility/putToDynamoDB.ts
FN:7,putToDynamoDB
FNF:1
FNH:1
FNDA:25,putToDynamoDB
DA:1,5
DA:3,5
DA:5,5
DA:7,5
DA:12,25
DA:13,25
DA:20,3
DA:21,3
LF:8
LH:8
BRF:0
BRH:0
end_of_record
TN:
SF:utility/scanItemsFromDynamoDB.ts
FN:7,scanItemsFromDynamoDB
FNF:1
FNH:1
FNDA:21,scanItemsFromDynamoDB
DA:1,5
DA:3,5
DA:5,5
DA:7,5
DA:12,21
DA:13,21
DA:18,19
DA:19,17
DA:21,2
DA:24,4
DA:25,2
DA:26,2
DA:36,2
DA:37,2
LF:14
LH:14
BRDA:18,0,0,17
BRDA:18,0,1,2
BRDA:24,1,0,2
BRDA:24,2,0,4
BRDA:24,2,1,4
BRF:5
BRH:5
end_of_record
TN:
SF:utility/verifyToken.ts
FN:4,verifyToken
FNF:1
FNH:1
FNDA:46,verifyToken
DA:1,5
DA:2,5
DA:4,5
DA:19,46
DA:20,46
DA:22,3
DA:23,3
DA:33,43
DA:34,43
DA:35,40
DA:37,3
DA:38,3
DA:46,40
DA:47,40
DA:48,3
DA:49,3
DA:57,37
LF:17
LH:17
BRDA:47,0,0,3
BRF:1
BRH:1
end_of_record
TN:
SF:utility/verifyUserConnection.ts
FN:5,verifyUserConnection
FNF:1
FNH:1
FNDA:35,verifyUserConnection
DA:1,5
DA:3,5
DA:5,5
DA:11,35
DA:12,35
DA:21,4
DA:24,31
DA:25,2
LF:8
LH:8
BRDA:24,0,0,2
BRF:1
BRH:1
end_of_record
